0 info it worked if it ends with ok
1 verbose cli [ 'node', '/usr/local/bin/npm', 'publish' ]
2 info using npm@2.11.2
3 info using node@v0.12.5
4 verbose publish [ '.' ]
5 silly cache add args [ '.', null ]
6 verbose cache add spec .
7 silly cache add parsed spec { raw: '.',
7 silly cache add   scope: null,
7 silly cache add   name: null,
7 silly cache add   rawSpec: '.',
7 silly cache add   spec: '/Users/music/git/image-js/test',
7 silly cache add   type: 'directory' }
8 verbose addLocalDirectory /Users/music/.npm/ij-test/1.2.0/package.tgz not in flight; packing
9 verbose tar pack [ '/Users/music/.npm/ij-test/1.2.0/package.tgz',
9 verbose tar pack   '/Users/music/git/image-js/test' ]
10 verbose tarball /Users/music/.npm/ij-test/1.2.0/package.tgz
11 verbose folder /Users/music/git/image-js/test
12 info prepublish ij-test@1.2.0
13 verbose addLocalTarball adding from inside cache /Users/music/.npm/ij-test/1.2.0/package.tgz
14 silly cache afterAdd ij-test@1.2.0
15 verbose afterAdd /Users/music/.npm/ij-test/1.2.0/package/package.json not in flight; writing
16 verbose afterAdd /Users/music/.npm/ij-test/1.2.0/package/package.json written
17 silly publish { name: 'ij-test',
17 silly publish   version: '1.2.0',
17 silly publish   description: 'Test images for use in other ij packages',
17 silly publish   keywords: [ 'image', 'ij', 'test' ],
17 silly publish   author: { name: 'Michaël Zasso' },
17 silly publish   repository: { type: 'git', url: 'git+https://github.com/image-js/test.git' },
17 silly publish   bugs: { url: 'https://github.com/image-js/test/issues' },
17 silly publish   homepage: 'https://github.com/image-js/test',
17 silly publish   license: 'MIT',
17 silly publish   main: './ij-test.js',
17 silly publish   dependencies: { 'sha.js': '^2.4.2' },
17 silly publish   readme: '# test\nProvides test images for use in other packages\n',
17 silly publish   readmeFilename: 'README.md',
17 silly publish   gitHead: '49b619e2d3599cb96788ab2d7c47d8119b51f7e8',
17 silly publish   _id: 'ij-test@1.2.0',
17 silly publish   scripts: {},
17 silly publish   _shasum: '55c682548d0069e1fc654c96fbf60751a008d5c9',
17 silly publish   _from: '.' }
18 verbose getPublishConfig undefined
19 silly mapToRegistry name ij-test
20 silly mapToRegistry using default registry
21 silly mapToRegistry registry https://registry.npmjs.org/
22 silly mapToRegistry uri https://registry.npmjs.org/ij-test
23 verbose publish registryBase https://registry.npmjs.org/
24 silly publish uploading /Users/music/.npm/ij-test/1.2.0/package.tgz
25 verbose stack Error: auth required for publishing
25 verbose stack     at CachingRegistryClient.publish (/usr/local/lib/node_modules/npm/node_modules/npm-registry-client/lib/publish.js:30:14)
25 verbose stack     at /usr/local/lib/node_modules/npm/lib/publish.js:134:14
25 verbose stack     at mapToRegistry (/usr/local/lib/node_modules/npm/lib/utils/map-to-registry.js:55:3)
25 verbose stack     at publish_ (/usr/local/lib/node_modules/npm/lib/publish.js:104:3)
25 verbose stack     at Array.<anonymous> (/usr/local/lib/node_modules/npm/node_modules/slide/lib/bind-actor.js:15:8)
25 verbose stack     at LOOP (/usr/local/lib/node_modules/npm/node_modules/slide/lib/chain.js:15:14)
25 verbose stack     at LOOP (/usr/local/lib/node_modules/npm/node_modules/slide/lib/chain.js:14:28)
25 verbose stack     at chain (/usr/local/lib/node_modules/npm/node_modules/slide/lib/chain.js:20:5)
25 verbose stack     at /usr/local/lib/node_modules/npm/lib/publish.js:73:5
25 verbose stack     at RES (/usr/local/lib/node_modules/npm/node_modules/inflight/inflight.js:23:14)
26 verbose cwd /Users/music/git/image-js/test
27 error Darwin 14.3.0
28 error argv "node" "/usr/local/bin/npm" "publish"
29 error node v0.12.5
30 error npm  v2.11.2
31 error code ENEEDAUTH
32 error need auth auth required for publishing
32 error need auth You need to authorize this machine using `npm adduser`
33 verbose exit [ 1, true ]
